04/25/2018 04:05:25 PM INFO Ln 17: INITIALIZED GAME
04/25/2018 04:05:45 PM INFO Ln 17: INITIALIZED GAME
04/25/2018 04:37:59 PM INFO Ln 17: INITIALIZED GAME
04/25/2018 04:38:03 PM INFO Ln 54: You just opended the settings
04/25/2018 04:38:56 PM INFO Ln 17: INITIALIZED GAME
04/25/2018 04:45:32 PM INFO Ln 17: INITIALIZED GAME
04/25/2018 04:45:49 PM INFO Ln 56: You just opended the settings
04/25/2018 04:46:15 PM INFO Ln 17: INITIALIZED GAME
04/25/2018 04:46:17 PM INFO Ln 56: You just opended the settings
04/25/2018 04:47:52 PM INFO Ln 17: INITIALIZED GAME
04/25/2018 04:47:57 PM INFO Ln 56: You just opended the settings
04/25/2018 04:48:31 PM INFO Ln 17: INITIALIZED GAME
04/25/2018 04:48:34 PM INFO Ln 56: You just opended the settings
04/25/2018 04:48:40 PM INFO Ln 56: You just opended the settings
04/25/2018 04:49:19 PM INFO Ln 17: INITIALIZED GAME
04/25/2018 04:49:22 PM INFO Ln 56: You just opended the settings
04/25/2018 04:49:23 PM INFO Ln 165: You just pressed The settings button
04/25/2018 04:49:27 PM INFO Ln 67: You just restarted the game
04/25/2018 04:49:28 PM INFO Ln 76: You just bailed
04/25/2018 04:51:29 PM INFO Ln 17: INITIALIZED GAME
04/25/2018 04:51:58 PM INFO Ln 17: INITIALIZED GAME
04/25/2018 04:51:58 PM INFO Ln 48: You just roll
04/25/2018 04:52:00 PM INFO Ln 58: You just opended the settings
04/25/2018 04:52:01 PM INFO Ln 167: You just pressed The settings button
04/25/2018 04:52:23 PM INFO Ln 56: You just opended the settings
04/25/2018 04:52:24 PM INFO Ln 165: You just pressed The settings button
04/25/2018 04:52:32 PM INFO Ln 56: You just opended the settings
04/25/2018 04:52:33 PM INFO Ln 165: You just pressed The settings button
04/25/2018 04:52:47 PM INFO Ln 17: INITIALIZED GAME
04/25/2018 04:52:47 PM INFO Ln 48: You just roll
04/25/2018 04:52:57 PM INFO Ln 17: INITIALIZED GAME
04/25/2018 04:52:57 PM INFO Ln 48: You just roll
04/25/2018 04:53:01 PM INFO Ln 58: You just opended the settings
04/25/2018 04:53:02 PM INFO Ln 167: You just pressed The settings button
04/25/2018 04:53:03 PM INFO Ln 58: You just opended the settings
04/25/2018 04:53:05 PM INFO Ln 167: You just pressed The settings button
04/25/2018 04:53:08 PM INFO Ln 58: You just opended the settings
04/25/2018 04:53:17 PM INFO Ln 167: You just pressed The settings button
04/25/2018 05:01:49 PM INFO Ln 18: INITIALIZED GAME
04/25/2018 05:01:50 PM INFO Ln 47: You just roll
04/25/2018 05:02:24 PM INFO Ln 18: INITIALIZED GAME
04/25/2018 05:02:25 PM INFO Ln 47: You just roll
04/25/2018 05:02:27 PM INFO Ln 57: You just opended the settings
04/25/2018 05:05:22 PM INFO Ln 18: INITIALIZED GAME
04/25/2018 05:05:23 PM INFO Ln 47: You just roll
04/25/2018 05:08:37 PM INFO Ln 18: INITIALIZED GAME
04/25/2018 05:08:37 PM INFO Ln 47: You just roll
04/25/2018 05:09:27 PM INFO Ln 18: INITIALIZED GAME
04/25/2018 05:09:27 PM INFO Ln 47: You just roll
04/25/2018 05:09:31 PM INFO Ln 57: You just opended the settings
04/25/2018 05:09:32 PM INFO Ln 180: You just pressed The settings button
04/25/2018 05:09:58 PM INFO Ln 18: INITIALIZED GAME
04/25/2018 05:09:59 PM INFO Ln 18: INITIALIZED GAME
04/25/2018 05:10:00 PM INFO Ln 47: You just roll
04/25/2018 05:14:00 PM INFO Ln 18: INITIALIZED GAME
04/25/2018 05:14:01 PM INFO Ln 55: You just roll
04/25/2018 05:14:12 PM INFO Ln 18: INITIALIZED GAME
04/25/2018 05:14:12 PM INFO Ln 55: You just roll
04/25/2018 05:14:44 PM INFO Ln 18: INITIALIZED GAME
04/25/2018 05:14:46 PM INFO Ln 56: You just roll
04/25/2018 05:14:53 PM INFO Ln 18: INITIALIZED GAME
04/25/2018 05:14:54 PM INFO Ln 56: You just roll
04/25/2018 05:15:16 PM INFO Ln 18: INITIALIZED GAME
04/25/2018 05:15:17 PM INFO Ln 57: You just roll
04/25/2018 05:16:19 PM INFO Ln 18: INITIALIZED GAME
04/25/2018 05:16:20 PM INFO Ln 18: INITIALIZED GAME
04/25/2018 05:16:21 PM INFO Ln 57: You just roll
04/25/2018 05:16:28 PM INFO Ln 18: INITIALIZED GAME
04/25/2018 05:16:29 PM INFO Ln 57: You just roll
04/25/2018 05:16:37 PM INFO Ln 80: You just restarted the game
04/25/2018 05:16:39 PM INFO Ln 80: You just restarted the game
04/25/2018 05:16:41 PM INFO Ln 69: You just opended the settings
04/25/2018 05:16:42 PM INFO Ln 192: You just pressed The settings button
04/25/2018 05:16:55 PM INFO Ln 18: INITIALIZED GAME
04/25/2018 05:16:56 PM INFO Ln 57: You just roll
04/26/2018 11:02:29 PM INFO Ln 18: INITIALIZED GAME
04/26/2018 11:02:31 PM INFO Ln 57: You just roll
04/26/2018 11:02:34 PM INFO Ln 80: You just restarted the game
04/27/2018 12:17:08 AM INFO Ln 18: INITIALIZED GAME
04/27/2018 12:17:09 AM INFO Ln 57: You just roll
04/27/2018 12:19:32 AM INFO Ln 18: INITIALIZED GAME
04/27/2018 12:19:32 AM INFO Ln 57: You just roll
04/27/2018 12:19:34 AM INFO Ln 80: You just restarted the game
04/27/2018 12:19:38 AM INFO Ln 80: You just restarted the game
04/27/2018 04:05:06 AM INFO Ln 18: INITIALIZED GAME
04/27/2018 04:05:09 AM INFO Ln 57: You just roll
04/27/2018 04:05:11 AM INFO Ln 80: You just restarted the game
04/27/2018 04:05:14 AM INFO Ln 80: You just restarted the game
04/27/2018 04:05:17 AM INFO Ln 80: You just restarted the game
04/27/2018 04:05:22 AM INFO Ln 177: Game saved
05/03/2018 01:26:05 PM INFO Ln 18: INITIALIZED GAME
05/03/2018 01:26:05 PM INFO Ln 57: You just roll
05/03/2018 01:26:19 PM INFO Ln 69: You just opended the settings
